100.07.05 21:47 B D:\privat\web\midis\format0\Br_rhap_format0.mid --> piano-midi.de /midis/format0 Br_rhap_format0.mid
100.08.22 12:15 B D:\privat\web\midis\format0\ty_januar_format0.mid --> piano-midi.de /midis/format0 ty_januar_format0.mid
100.08.22 12:15 B D:\privat\web\midis\format0\ty_maerz_format0.mid --> piano-midi.de /midis/format0 ty_maerz_format0.mid
100.08.22 12:15 B D:\privat\web\midis\format0\ty_april_format0.mid --> piano-midi.de /midis/format0 ty_april_format0.mid
100.08.22 12:15 B D:\privat\web\midis\format0\ty_februar_format0.mid --> piano-midi.de /midis/format0 ty_februar_format0.mid
100.08.22 12:15 B D:\privat\web\midis\format0\bor_ps7_format0.mid --> piano-midi.de /midis/format0 bor_ps7_format0.mid
100.08.22 12:15 B D:\privat\web\midis\format0\bor_ps6_format0.mid --> piano-midi.de /midis/format0 bor_ps6_format0.mid
100.08.22 12:15 B D:\privat\web\midis\format0\bor_ps5_format0.mid --> piano-midi.de /midis/format0 bor_ps5_format0.mid
100.08.22 12:15 B D:\privat\web\midis\format0\bor_ps4_format0.mid --> piano-midi.de /midis/format0 bor_ps4_format0.mid
100.08.22 12:15 B D:\privat\web\midis\format0\bor_ps3_format0.mid --> piano-midi.de /midis/format0 bor_ps3_format0.mid
100.08.22 12:15 B D:\privat\web\midis\format0\bor_ps2_format0.mid --> piano-midi.de /midis/format0 bor_ps2_format0.mid
100.08.22 12:15 B D:\privat\web\midis\format0\bor_ps1_format0.mid --> piano-midi.de /midis/format0 bor_ps1_format0.mid
100.08.22 14:32 B D:\privat\web\midis\format0\muss_8_format0.mid --> piano-midi.de /midis/format0 muss_8_format0.mid
100.08.22 14:32 B D:\privat\web\midis\format0\muss_7_format0.mid --> piano-midi.de /midis/format0 muss_7_format0.mid
100.08.22 14:32 B D:\privat\web\midis\format0\muss_6_format0.mid --> piano-midi.de /midis/format0 muss_6_format0.mid
100.08.22 14:33 B D:\privat\web\midis\format0\muss_5_format0.mid --> piano-midi.de /midis/format0 muss_5_format0.mid
100.08.22 14:33 B D:\privat\web\midis\format0\muss_4_format0.mid --> piano-midi.de /midis/format0 muss_4_format0.mid
100.08.22 14:33 B D:\privat\web\midis\format0\muss_3_format0.mid --> piano-midi.de /midis/format0 muss_3_format0.mid
100.08.22 14:33 B D:\privat\web\midis\format0\muss_2_format0.mid --> piano-midi.de /midis/format0 muss_2_format0.mid
100.08.22 14:33 B D:\privat\web\midis\format0\muss_1_format0.mid --> piano-midi.de /midis/format0 muss_1_format0.mid
100.08.23 10:56 B D:\privat\web\midis\format0\islamei_format0.mid --> piano-midi.de /midis/format0 islamei_format0.mid
100.09.05 18:19 B D:\privat\web\midis\format0\ty_juni_format0.mid --> piano-midi.de /midis/format0 ty_juni_format0.mid
100.09.05 18:19 B D:\privat\web\midis\format0\ty_mai_format0.mid --> piano-midi.de /midis/format0 ty_mai_format0.mid
100.09.05 19:37 B D:\privat\web\midis\format0\ty_juni_format0.mid --> piano-midi.de /midis/format0 ty_juni_format0.mid
100.10.01 16:40 B D:\privat\web\midis\format0\burg_gewitter_format0.mid --> piano-midi.de /midis/format0 burg_gewitter_format0.mid
100.10.01 16:40 B D:\privat\web\midis\format0\burg_quelle_format0.mid --> piano-midi.de /midis/format0 burg_quelle_format0.mid
100.10.01 16:40 B D:\privat\web\midis\format0\burg_perlen_format0.mid --> piano-midi.de /midis/format0 burg_perlen_format0.mid
100.10.31 22:13 B D:\privat\web\midis\format0\ty_august_format0.mid --> piano-midi.de /midis/format0 ty_august_format0.mid
100.10.31 22:13 B D:\privat\web\midis\format0\ty_juli_format0.mid --> piano-midi.de /midis/format0 ty_juli_format0.mid
100.11.05 17:28 B D:\privat\web\midis\format0\Bk_xmas1_format0.mid --> piano-midi.de /midis/format0 Bk_xmas1_format0.mid
100.11.05 17:28 B D:\privat\web\midis\format0\Bk_xmas2_format0.mid --> piano-midi.de /midis/format0 Bk_xmas2_format0.mid
100.11.18 20:15 B D:\privat\web\midis\format0\muss_8_format0.mid --> piano-midi.de /midis/format0 muss_8_format0.mid
100.11.18 20:15 B D:\privat\web\midis\format0\muss_7_format0.mid --> piano-midi.de /midis/format0 muss_7_format0.mid
100.11.18 20:15 B D:\privat\web\midis\format0\muss_4_format0.mid --> piano-midi.de /midis/format0 muss_4_format0.mid
100.11.18 20:15 B D:\privat\web\midis\format0\muss_2_format0.mid --> piano-midi.de /midis/format0 muss_2_format0.mid
100.11.30 18:44 B D:\privat\web\midis\format0\ty_oktober_format0.mid --> piano-midi.de /midis/format0 ty_oktober_format0.mid
100.11.30 18:44 B D:\privat\web\midis\format0\Bk_xmas3_format0.mid --> piano-midi.de /midis/format0 Bk_xmas3_format0.mid
100.11.30 18:44 B D:\privat\web\midis\format0\ty_september_format0.mid --> piano-midi.de /midis/format0 ty_september_format0.mid
101.01.01 14:48 B D:\privat\web\midis\format0\ty_dezember_format0.mid --> piano-midi.de /midis/format0 ty_dezember_format0.mid
101.01.01 14:48 B D:\privat\web\midis\format0\ty_november_format0.mid --> piano-midi.de /midis/format0 ty_november_format0.mid
101.01.31 20:49 B D:\privat\web\midis\format0\alb_esp3_format0.mid --> piano-midi.de /midis/format0 alb_esp3_format0.mid
101.01.31 20:49 B D:\privat\web\midis\format0\alb_esp2_format0.mid --> piano-midi.de /midis/format0 alb_esp2_format0.mid
101.01.31 20:49 B D:\privat\web\midis\format0\alb_esp1_format0.mid --> piano-midi.de /midis/format0 alb_esp1_format0.mid
101.02.18 14:40 B D:\privat\web\midis\format0\alb_esp4_format0.mid --> piano-midi.de /midis/format0 alb_esp4_format0.mid
101.02.18 14:40 B D:\privat\web\midis\format0\alb_esp6_format0.mid --> piano-midi.de /midis/format0 alb_esp6_format0.mid
101.02.18 14:40 B D:\privat\web\midis\format0\alb_esp5_format0.mid --> piano-midi.de /midis/format0 alb_esp5_format0.mid
101.03.04 15:59 B D:\privat\web\midis\format0\alb_se1_format0.mid --> piano-midi.de /midis/format0 alb_se1_format0.mid
101.03.04 16:51 B D:\privat\web\midis\format0\alb_se1_format0.mid --> piano-midi.de /midis/format0 alb_se1_format0.mid
101.03.14 10:32 B D:\privat\web\midis\format0\alb_se2_format0.mid --> piano-midi.de /midis/format0 alb_se2_format0.mid
101.03.18 11:15 B D:\privat\web\midis\format0\alb_se1_format0.mid --> piano-midi.de /midis/format0 alb_se1_format0.mid
101.03.18 11:15 B D:\privat\web\midis\format0\alb_esp1_format0.mid --> piano-midi.de /midis/format0 alb_esp1_format0.mid
101.03.25 11:16 B D:\privat\web\midis\format0\alb_se3_format0.mid --> piano-midi.de /midis/format0 alb_se3_format0.mid
101.03.30 20:58 B D:\privat\web\midis\format0\alb_se2_format0.mid --> piano-midi.de /midis/format0 alb_se2_format0.mid
101.03.30 20:58 B D:\privat\web\midis\format0\alb_se1_format0.mid --> piano-midi.de /midis/format0 alb_se1_format0.mid
101.03.30 20:58 B D:\privat\web\midis\format0\alb_se3_format0.mid --> piano-midi.de /midis/format0 alb_se3_format0.mid
101.04.16 12:49 B D:\privat\web\midis\format0\alb_se4_format0.mid --> piano-midi.de /midis/format0 alb_se4_format0.mid
101.05.01 09:27 B D:\privat\web\midis\format0\alb_se5_format0.mid --> piano-midi.de /midis/format0 alb_se5_format0.mid
101.05.31 18:08 B D:\privat\web\midis\format0\alb_se7_format0.mid --> piano-midi.de /midis/format0 alb_se7_format0.mid
101.05.31 18:08 B D:\privat\web\midis\format0\alb_se2_format0.mid --> piano-midi.de /midis/format0 alb_se2_format0.mid
101.05.31 18:08 B D:\privat\web\midis\format0\alb_se6_format0.mid --> piano-midi.de /midis/format0 alb_se6_format0.mid
101.06.23 11:16 B D:\privat\web\midis\format0\alb_se8_format0.mid --> piano-midi.de /midis/format0 alb_se8_format0.mid
101.06.30 20:49 B D:\privat\web\midis\format0\htaccess.txt --> piano-midi.de /midis/format0 htaccess.txt
101.07.07 13:35 B D:\privat\web\midis\format0\alb_esp1_format0.mid --> piano-midi.de /midis/format0 alb_esp1_format0.mid
101.07.07 13:35 B D:\privat\web\midis\format0\alb_esp2_format0.mid --> piano-midi.de /midis/format0 alb_esp2_format0.mid
101.07.07 13:35 B D:\privat\web\midis\format0\alb_esp3_format0.mid --> piano-midi.de /midis/format0 alb_esp3_format0.mid
101.07.07 13:35 B D:\privat\web\midis\format0\alb_esp4_format0.mid --> piano-midi.de /midis/format0 alb_esp4_format0.mid
101.07.07 13:35 B D:\privat\web\midis\format0\alb_esp5_format0.mid --> piano-midi.de /midis/format0 alb_esp5_format0.mid
101.07.07 13:35 B D:\privat\web\midis\format0\alb_esp6_format0.mid --> piano-midi.de /midis/format0 alb_esp6_format0.mid
101.07.07 13:35 B D:\privat\web\midis\format0\alb_se1_format0.mid --> piano-midi.de /midis/format0 alb_se1_format0.mid
101.07.07 13:35 B D:\privat\web\midis\format0\alb_se2_format0.mid --> piano-midi.de /midis/format0 alb_se2_format0.mid
101.07.07 13:35 B D:\privat\web\midis\format0\alb_se3_format0.mid --> piano-midi.de /midis/format0 alb_se3_format0.mid
101.07.07 13:35 B D:\privat\web\midis\format0\alb_se4_format0.mid --> piano-midi.de /midis/format0 alb_se4_format0.mid
101.07.07 13:35 B D:\privat\web\midis\format0\alb_se5_format0.mid --> piano-midi.de /midis/format0 alb_se5_format0.mid
101.07.07 13:35 B D:\privat\web\midis\format0\alb_se6_format0.mid --> piano-midi.de /midis/format0 alb_se6_format0.mid
101.07.07 13:35 B D:\privat\web\midis\format0\alb_se7_format0.mid --> piano-midi.de /midis/format0 alb_se7_format0.mid
101.07.07 13:35 B D:\privat\web\midis\format0\alb_se8_format0.mid --> piano-midi.de /midis/format0 alb_se8_format0.mid
101.07.07 13:35 B D:\privat\web\midis\format0\bk_xmas1_format0.mid --> piano-midi.de /midis/format0 bk_xmas1_format0.mid
101.07.07 13:35 B D:\privat\web\midis\format0\bk_xmas2_format0.mid --> piano-midi.de /midis/format0 bk_xmas2_format0.mid
101.07.07 13:35 B D:\privat\web\midis\format0\bk_xmas3_format0.mid --> piano-midi.de /midis/format0 bk_xmas3_format0.mid
101.07.07 13:35 B D:\privat\web\midis\format0\bor_ps1_format0.mid --> piano-midi.de /midis/format0 bor_ps1_format0.mid
101.07.07 13:35 B D:\privat\web\midis\format0\bor_ps2_format0.mid --> piano-midi.de /midis/format0 bor_ps2_format0.mid
101.07.07 13:36 B D:\privat\web\midis\format0\bor_ps3_format0.mid --> piano-midi.de /midis/format0 bor_ps3_format0.mid
101.07.07 13:36 B D:\privat\web\midis\format0\bor_ps4_format0.mid --> piano-midi.de /midis/format0 bor_ps4_format0.mid
101.07.07 13:36 B D:\privat\web\midis\format0\bor_ps5_format0.mid --> piano-midi.de /midis/format0 bor_ps5_format0.mid
101.07.07 13:36 B D:\privat\web\midis\format0\bor_ps6_format0.mid --> piano-midi.de /midis/format0 bor_ps6_format0.mid
101.07.07 13:36 B D:\privat\web\midis\format0\bor_ps7_format0.mid --> piano-midi.de /midis/format0 bor_ps7_format0.mid
101.07.07 13:36 B D:\privat\web\midis\format0\br_im2_format0.mid --> piano-midi.de /midis/format0 br_im2_format0.mid
101.07.07 13:36 B D:\privat\web\midis\format0\br_im6_format0.mid --> piano-midi.de /midis/format0 br_im6_format0.mid
101.07.07 13:36 B D:\privat\web\midis\format0\br_rhap_format0.mid --> piano-midi.de /midis/format0 br_rhap_format0.mid
101.07.07 13:36 B D:\privat\web\midis\format0\burg_gewitter_format0.mid --> piano-midi.de /midis/format0 burg_gewitter_format0.mid
101.07.07 13:36 B D:\privat\web\midis\format0\burg_perlen_format0.mid --> piano-midi.de /midis/format0 burg_perlen_format0.mid
101.07.07 13:36 B D:\privat\web\midis\format0\burg_quelle_format0.mid --> piano-midi.de /midis/format0 burg_quelle_format0.mid
101.07.07 13:36 B D:\privat\web\midis\format0\chp_op18_format0.mid --> piano-midi.de /midis/format0 chp_op18_format0.mid
101.07.07 13:36 B D:\privat\web\midis\format0\chp_op31_format0.mid --> piano-midi.de /midis/format0 chp_op31_format0.mid
101.07.07 13:36 B D:\privat\web\midis\format0\chpn-e01_format0.mid --> piano-midi.de /midis/format0 chpn-e01_format0.mid
101.07.07 13:36 B D:\privat\web\midis\format0\chpn-e11_format0.mid --> piano-midi.de /midis/format0 chpn-e11_format0.mid
101.07.07 13:36 B D:\privat\web\midis\format0\chpn-e12_format0.mid --> piano-midi.de /midis/format0 chpn-e12_format0.mid
101.07.07 13:36 B D:\privat\web\midis\format0\chpn-p7_format0.mid --> piano-midi.de /midis/format0 chpn-p7_format0.mid
101.07.07 13:36 B D:\privat\web\midis\format0\chpn-p8_format0.mid --> piano-midi.de /midis/format0 chpn-p8_format0.mid
101.07.07 13:36 B D:\privat\web\midis\format0\chpn-p9_format0.mid --> piano-midi.de /midis/format0 chpn-p9_format0.mid
101.07.07 13:36 B D:\privat\web\midis\format0\hay_40_1_format0.mid --> piano-midi.de /midis/format0 hay_40_1_format0.mid
101.07.07 13:36 B D:\privat\web\midis\format0\hay_40_2_format0.mid --> piano-midi.de /midis/format0 hay_40_2_format0.mid
101.07.07 13:36 B D:\privat\web\midis\format0\htaccess.txt --> piano-midi.de /midis/format0 htaccess.txt
101.07.07 13:37 B D:\privat\web\midis\format0\islamei_format0.mid --> piano-midi.de /midis/format0 islamei_format0.mid
101.07.07 13:37 B D:\privat\web\midis\format0\kobold_format0.mid --> piano-midi.de /midis/format0 kobold_format0.mid
101.07.07 13:37 B D:\privat\web\midis\format0\liz_et2_format0.mid --> piano-midi.de /midis/format0 liz_et2_format0.mid
101.07.07 13:37 B D:\privat\web\midis\format0\liz_et3_format0.mid --> piano-midi.de /midis/format0 liz_et3_format0.mid
101.07.07 13:37 B D:\privat\web\midis\format0\liz_et5_format0.mid --> piano-midi.de /midis/format0 liz_et5_format0.mid
101.07.07 13:37 B D:\privat\web\midis\format0\mond_1_format0.mid --> piano-midi.de /midis/format0 mond_1_format0.mid
101.07.07 13:37 B D:\privat\web\midis\format0\mond_2_format0.mid --> piano-midi.de /midis/format0 mond_2_format0.mid
101.07.07 13:37 B D:\privat\web\midis\format0\mond_3_format0.mid --> piano-midi.de /midis/format0 mond_3_format0.mid
101.07.07 13:37 B D:\privat\web\midis\format0\muss_1_format0.mid --> piano-midi.de /midis/format0 muss_1_format0.mid
101.07.07 13:37 B D:\privat\web\midis\format0\muss_2_format0.mid --> piano-midi.de /midis/format0 muss_2_format0.mid
101.07.07 13:37 B D:\privat\web\midis\format0\muss_3_format0.mid --> piano-midi.de /midis/format0 muss_3_format0.mid
101.07.07 13:37 B D:\privat\web\midis\format0\muss_4_format0.mid --> piano-midi.de /midis/format0 muss_4_format0.mid
101.07.07 13:37 B D:\privat\web\midis\format0\muss_5_format0.mid --> piano-midi.de /midis/format0 muss_5_format0.mid
101.07.07 13:37 B D:\privat\web\midis\format0\muss_6_format0.mid --> piano-midi.de /midis/format0 muss_6_format0.mid
101.07.07 13:37 B D:\privat\web\midis\format0\muss_7_format0.mid --> piano-midi.de /midis/format0 muss_7_format0.mid
101.07.07 13:37 B D:\privat\web\midis\format0\muss_8_format0.mid --> piano-midi.de /midis/format0 muss_8_format0.mid
101.07.07 13:38 B D:\privat\web\midis\format0\mz_330_1_format0.mid --> piano-midi.de /midis/format0 mz_330_1_format0.mid
101.07.07 13:38 B D:\privat\web\midis\format0\mz_330_2_format0.mid --> piano-midi.de /midis/format0 mz_330_2_format0.mid
101.07.07 13:38 B D:\privat\web\midis\format0\mz_330_3_format0.mid --> piano-midi.de /midis/format0 mz_330_3_format0.mid
101.07.07 13:38 B D:\privat\web\midis\format0\mz_333_1_format0.mid --> piano-midi.de /midis/format0 mz_333_1_format0.mid
101.07.07 13:38 B D:\privat\web\midis\format0\mz_333_2_format0.mid --> piano-midi.de /midis/format0 mz_333_2_format0.mid
101.07.07 13:38 B D:\privat\web\midis\format0\mz_333_3_format0.mid --> piano-midi.de /midis/format0 mz_333_3_format0.mid
101.07.07 13:38 B D:\privat\web\midis\format0\ty_april_format0.mid --> piano-midi.de /midis/format0 ty_april_format0.mid
101.07.07 13:38 B D:\privat\web\midis\format0\ty_august_format0.mid --> piano-midi.de /midis/format0 ty_august_format0.mid
101.07.07 13:38 B D:\privat\web\midis\format0\ty_dezember_format0.mid --> piano-midi.de /midis/format0 ty_dezember_format0.mid
101.07.07 13:38 B D:\privat\web\midis\format0\ty_februar_format0.mid --> piano-midi.de /midis/format0 ty_februar_format0.mid
101.07.07 13:38 B D:\privat\web\midis\format0\ty_januar_format0.mid --> piano-midi.de /midis/format0 ty_januar_format0.mid
101.07.07 13:38 B D:\privat\web\midis\format0\ty_juli_format0.mid --> piano-midi.de /midis/format0 ty_juli_format0.mid
101.07.07 13:38 B D:\privat\web\midis\format0\ty_juni_format0.mid --> piano-midi.de /midis/format0 ty_juni_format0.mid
101.07.07 13:38 B D:\privat\web\midis\format0\ty_maerz_format0.mid --> piano-midi.de /midis/format0 ty_maerz_format0.mid
101.07.07 13:38 B D:\privat\web\midis\format0\ty_mai_format0.mid --> piano-midi.de /midis/format0 ty_mai_format0.mid
101.07.07 13:38 B D:\privat\web\midis\format0\ty_november_format0.mid --> piano-midi.de /midis/format0 ty_november_format0.mid
101.07.07 13:38 B D:\privat\web\midis\format0\ty_oktober_format0.mid --> piano-midi.de /midis/format0 ty_oktober_format0.mid
101.07.07 13:38 B D:\privat\web\midis\format0\ty_september_format0.mid --> piano-midi.de /midis/format0 ty_september_format0.mid
101.07.07 13:38 B D:\privat\web\midis\format0\voeglein_format0.mid --> piano-midi.de /midis/format0 voeglein_format0.mid
101.07.07 13:38 B D:\privat\web\midis\format0\waechter_format0.mid --> piano-midi.de /midis/format0 waechter_format0.mid
101.07.07 13:38 B D:\privat\web\midis\format0\wedding_format0.mid --> piano-midi.de /midis/format0 wedding_format0.mid
101.07.07 13:39 B D:\privat\web\midis\format0\zwerge_format0.mid --> piano-midi.de /midis/format0 zwerge_format0.mid
101.07.15 12:43 B D:\privat\web\midis\format0\gra_esp_2_format0.mid --> piano-midi.de /midis/format0 gra_esp_2_format0.mid
101.07.31 19:07 B D:\privat\web\midis\format0\gra_esp_3_format0.mid --> piano-midi.de /midis/format0 gra_esp_3_format0.mid
101.07.31 19:32 B D:\privat\web\midis\format0\gra_esp_3_format0.mid --> piano-midi.de /midis/format0 gra_esp_3_format0.mid
101.08.31 13:08 B D:\privat\web\midis\format0\gra_esp_4_format0.mid --> piano-midi.de /midis/format0 gra_esp_4_format0.mid
101.10.02 20:54 B D:\privat\web\midis\format0\alb_esp1_format0.mid --> piano-midi.de /public/midis/format0 alb_esp1_format0.mid
101.10.02 20:54 B D:\privat\web\midis\format0\alb_esp2_format0.mid --> piano-midi.de /public/midis/format0 alb_esp2_format0.mid
101.10.02 20:54 B D:\privat\web\midis\format0\alb_esp3_format0.mid --> piano-midi.de /public/midis/format0 alb_esp3_format0.mid
101.10.02 20:54 B D:\privat\web\midis\format0\alb_esp4_format0.mid --> piano-midi.de /public/midis/format0 alb_esp4_format0.mid
101.10.02 20:54 B D:\privat\web\midis\format0\alb_esp5_format0.mid --> piano-midi.de /public/midis/format0 alb_esp5_format0.mid
101.10.02 20:54 B D:\privat\web\midis\format0\alb_esp6_format0.mid --> piano-midi.de /public/midis/format0 alb_esp6_format0.mid
101.10.02 20:54 B D:\privat\web\midis\format0\alb_se1_format0.mid --> piano-midi.de /public/midis/format0 alb_se1_format0.mid
101.10.02 20:54 B D:\privat\web\midis\format0\alb_se2_format0.mid --> piano-midi.de /public/midis/format0 alb_se2_format0.mid
101.10.02 20:54 B D:\privat\web\midis\format0\alb_se3_format0.mid --> piano-midi.de /public/midis/format0 alb_se3_format0.mid
101.10.02 20:54 B D:\privat\web\midis\format0\alb_se4_format0.mid --> piano-midi.de /public/midis/format0 alb_se4_format0.mid
101.10.02 20:54 B D:\privat\web\midis\format0\alb_se5_format0.mid --> piano-midi.de /public/midis/format0 alb_se5_format0.mid
101.10.02 20:54 B D:\privat\web\midis\format0\alb_se6_format0.mid --> piano-midi.de /public/midis/format0 alb_se6_format0.mid
101.10.02 20:54 B D:\privat\web\midis\format0\alb_se7_format0.mid --> piano-midi.de /public/midis/format0 alb_se7_format0.mid
101.10.02 20:54 B D:\privat\web\midis\format0\alb_se8_format0.mid --> piano-midi.de /public/midis/format0 alb_se8_format0.mid
101.10.02 20:54 B D:\privat\web\midis\format0\appass_1_format0.mid --> piano-midi.de /public/midis/format0 appass_1_format0.mid
101.10.02 20:54 B D:\privat\web\midis\format0\bk_xmas1_format0.mid --> piano-midi.de /public/midis/format0 bk_xmas1_format0.mid
101.10.02 20:54 B D:\privat\web\midis\format0\bk_xmas2_format0.mid --> piano-midi.de /public/midis/format0 bk_xmas2_format0.mid
101.10.02 20:54 B D:\privat\web\midis\format0\bk_xmas3_format0.mid --> piano-midi.de /public/midis/format0 bk_xmas3_format0.mid
101.10.02 20:54 B D:\privat\web\midis\format0\bor_ps1_format0.mid --> piano-midi.de /public/midis/format0 bor_ps1_format0.mid
101.10.02 20:54 B D:\privat\web\midis\format0\bor_ps2_format0.mid --> piano-midi.de /public/midis/format0 bor_ps2_format0.mid
101.10.02 20:54 B D:\privat\web\midis\format0\bor_ps3_format0.mid --> piano-midi.de /public/midis/format0 bor_ps3_format0.mid
101.10.02 20:54 B D:\privat\web\midis\format0\bor_ps4_format0.mid --> piano-midi.de /public/midis/format0 bor_ps4_format0.mid
101.10.02 20:54 B D:\privat\web\midis\format0\bor_ps5_format0.mid --> piano-midi.de /public/midis/format0 bor_ps5_format0.mid
101.10.02 20:55 B D:\privat\web\midis\format0\bor_ps6_format0.mid --> piano-midi.de /public/midis/format0 bor_ps6_format0.mid
101.10.02 20:55 B D:\privat\web\midis\format0\bor_ps7_format0.mid --> piano-midi.de /public/midis/format0 bor_ps7_format0.mid
101.10.02 20:55 B D:\privat\web\midis\format0\br_im2_format0.mid --> piano-midi.de /public/midis/format0 br_im2_format0.mid
101.10.02 20:55 B D:\privat\web\midis\format0\br_im6_format0.mid --> piano-midi.de /public/midis/format0 br_im6_format0.mid
101.10.02 20:55 B D:\privat\web\midis\format0\br_rhap_format0.mid --> piano-midi.de /public/midis/format0 br_rhap_format0.mid
101.10.02 20:55 B D:\privat\web\midis\format0\burg_gewitter_format0.mid --> piano-midi.de /public/midis/format0 burg_gewitter_format0.mid
101.10.02 20:55 B D:\privat\web\midis\format0\burg_perlen_format0.mid --> piano-midi.de /public/midis/format0 burg_perlen_format0.mid
101.10.02 20:55 B D:\privat\web\midis\format0\burg_quelle_format0.mid --> piano-midi.de /public/midis/format0 burg_quelle_format0.mid
101.10.02 20:55 B D:\privat\web\midis\format0\chp_op18_format0.mid --> piano-midi.de /public/midis/format0 chp_op18_format0.mid
101.10.02 20:55 B D:\privat\web\midis\format0\chp_op31_format0.mid --> piano-midi.de /public/midis/format0 chp_op31_format0.mid
101.10.02 20:55 B D:\privat\web\midis\format0\chpn-e01_format0.mid --> piano-midi.de /public/midis/format0 chpn-e01_format0.mid
101.10.02 20:55 B D:\privat\web\midis\format0\chpn-e11_format0.mid --> piano-midi.de /public/midis/format0 chpn-e11_format0.mid
101.10.02 20:55 B D:\privat\web\midis\format0\chpn-e12_format0.mid --> piano-midi.de /public/midis/format0 chpn-e12_format0.mid
101.10.02 20:55 B D:\privat\web\midis\format0\chpn-p7_format0.mid --> piano-midi.de /public/midis/format0 chpn-p7_format0.mid
101.10.02 20:55 B D:\privat\web\midis\format0\chpn-p8_format0.mid --> piano-midi.de /public/midis/format0 chpn-p8_format0.mid
101.10.02 20:55 B D:\privat\web\midis\format0\chpn-p9_format0.mid --> piano-midi.de /public/midis/format0 chpn-p9_format0.mid
101.10.02 20:55 B D:\privat\web\midis\format0\gra_esp_2_format0.mid --> piano-midi.de /public/midis/format0 gra_esp_2_format0.mid
101.10.02 20:55 B D:\privat\web\midis\format0\gra_esp_3_format0.mid --> piano-midi.de /public/midis/format0 gra_esp_3_format0.mid
101.10.02 20:55 B D:\privat\web\midis\format0\gra_esp_4_format0.mid --> piano-midi.de /public/midis/format0 gra_esp_4_format0.mid
101.10.02 20:55 B D:\privat\web\midis\format0\hay_40_1_format0.mid --> piano-midi.de /public/midis/format0 hay_40_1_format0.mid
101.10.02 20:55 B D:\privat\web\midis\format0\hay_40_2_format0.mid --> piano-midi.de /public/midis/format0 hay_40_2_format0.mid
101.10.02 20:55 B D:\privat\web\midis\format0\htaccess.txt --> piano-midi.de /public/midis/format0 htaccess.txt
101.10.02 20:55 B D:\privat\web\midis\format0\islamei_format0.mid --> piano-midi.de /public/midis/format0 islamei_format0.mid
101.10.02 20:55 B D:\privat\web\midis\format0\kobold_format0.mid --> piano-midi.de /public/midis/format0 kobold_format0.mid
101.10.02 20:55 B D:\privat\web\midis\format0\liz_et2_format0.mid --> piano-midi.de /public/midis/format0 liz_et2_format0.mid
101.10.02 20:55 B D:\privat\web\midis\format0\liz_et3_format0.mid --> piano-midi.de /public/midis/format0 liz_et3_format0.mid
101.10.02 20:55 B D:\privat\web\midis\format0\liz_et5_format0.mid --> piano-midi.de /public/midis/format0 liz_et5_format0.mid
101.10.02 20:55 B D:\privat\web\midis\format0\mond_1_format0.mid --> piano-midi.de /public/midis/format0 mond_1_format0.mid
101.10.02 20:55 B D:\privat\web\midis\format0\mond_2_format0.mid --> piano-midi.de /public/midis/format0 mond_2_format0.mid
101.10.02 20:55 B D:\privat\web\midis\format0\mond_3_format0.mid --> piano-midi.de /public/midis/format0 mond_3_format0.mid
101.10.02 20:56 B D:\privat\web\midis\format0\muss_1_format0.mid --> piano-midi.de /public/midis/format0 muss_1_format0.mid
101.10.02 20:56 B D:\privat\web\midis\format0\muss_2_format0.mid --> piano-midi.de /public/midis/format0 muss_2_format0.mid
101.10.02 20:56 B D:\privat\web\midis\format0\muss_3_format0.mid --> piano-midi.de /public/midis/format0 muss_3_format0.mid
101.10.02 20:56 B D:\privat\web\midis\format0\muss_4_format0.mid --> piano-midi.de /public/midis/format0 muss_4_format0.mid
101.10.02 20:56 B D:\privat\web\midis\format0\muss_5_format0.mid --> piano-midi.de /public/midis/format0 muss_5_format0.mid
101.10.02 20:56 B D:\privat\web\midis\format0\muss_6_format0.mid --> piano-midi.de /public/midis/format0 muss_6_format0.mid
101.10.02 20:56 B D:\privat\web\midis\format0\muss_7_format0.mid --> piano-midi.de /public/midis/format0 muss_7_format0.mid
101.10.02 20:56 B D:\privat\web\midis\format0\muss_8_format0.mid --> piano-midi.de /public/midis/format0 muss_8_format0.mid
101.10.02 20:56 B D:\privat\web\midis\format0\mz_330_1_format0.mid --> piano-midi.de /public/midis/format0 mz_330_1_format0.mid
101.10.02 20:56 B D:\privat\web\midis\format0\mz_330_2_format0.mid --> piano-midi.de /public/midis/format0 mz_330_2_format0.mid
101.10.02 20:56 B D:\privat\web\midis\format0\mz_330_3_format0.mid --> piano-midi.de /public/midis/format0 mz_330_3_format0.mid
101.10.02 20:56 B D:\privat\web\midis\format0\mz_333_1_format0.mid --> piano-midi.de /public/midis/format0 mz_333_1_format0.mid
101.10.02 20:56 B D:\privat\web\midis\format0\mz_333_2_format0.mid --> piano-midi.de /public/midis/format0 mz_333_2_format0.mid
101.10.02 20:56 B D:\privat\web\midis\format0\mz_333_3_format0.mid --> piano-midi.de /public/midis/format0 mz_333_3_format0.mid
101.10.02 20:56 B D:\privat\web\midis\format0\ty_april_format0.mid --> piano-midi.de /public/midis/format0 ty_april_format0.mid
101.10.02 20:56 B D:\privat\web\midis\format0\ty_august_format0.mid --> piano-midi.de /public/midis/format0 ty_august_format0.mid
101.10.02 20:56 B D:\privat\web\midis\format0\ty_dezember_format0.mid --> piano-midi.de /public/midis/format0 ty_dezember_format0.mid
101.10.02 20:56 B D:\privat\web\midis\format0\ty_februar_format0.mid --> piano-midi.de /public/midis/format0 ty_februar_format0.mid
101.10.02 20:56 B D:\privat\web\midis\format0\ty_januar_format0.mid --> piano-midi.de /public/midis/format0 ty_januar_format0.mid
101.10.02 20:56 B D:\privat\web\midis\format0\ty_juli_format0.mid --> piano-midi.de /public/midis/format0 ty_juli_format0.mid
101.10.02 20:56 B D:\privat\web\midis\format0\ty_juni_format0.mid --> piano-midi.de /public/midis/format0 ty_juni_format0.mid
101.10.02 20:56 B D:\privat\web\midis\format0\ty_maerz_format0.mid --> piano-midi.de /public/midis/format0 ty_maerz_format0.mid
101.10.02 20:56 B D:\privat\web\midis\format0\ty_mai_format0.mid --> piano-midi.de /public/midis/format0 ty_mai_format0.mid
101.10.02 20:56 B D:\privat\web\midis\format0\ty_november_format0.mid --> piano-midi.de /public/midis/format0 ty_november_format0.mid
101.10.02 20:56 B D:\privat\web\midis\format0\ty_oktober_format0.mid --> piano-midi.de /public/midis/format0 ty_oktober_format0.mid
101.10.02 20:56 B D:\privat\web\midis\format0\ty_september_format0.mid --> piano-midi.de /public/midis/format0 ty_september_format0.mid
101.10.02 20:56 B D:\privat\web\midis\format0\voeglein_format0.mid --> piano-midi.de /public/midis/format0 voeglein_format0.mid
101.10.02 20:56 B D:\privat\web\midis\format0\waechter_format0.mid --> piano-midi.de /public/midis/format0 waechter_format0.mid
101.10.02 20:56 B D:\privat\web\midis\format0\wedding_format0.mid --> piano-midi.de /public/midis/format0 wedding_format0.mid
101.10.02 20:56 B D:\privat\web\midis\format0\zwerge_format0.mid --> piano-midi.de /public/midis/format0 zwerge_format0.mid
101.10.03 08:13 B D:\privat\web\midis\format0\appass_1_format0.mid --> piano-midi.de /midis/format0 appass_1_format0.mid
101.10.22 13:52 B D:\privat\web\midis\format0\Bk_xmas3_format0.mid --> piano-midi.de /midis/format0 Bk_xmas3_format0.mid
101.10.22 13:52 B D:\privat\web\midis\format0\Bk_xmas2_format0.mid --> piano-midi.de /midis/format0 Bk_xmas2_format0.mid
101.10.22 13:52 B D:\privat\web\midis\format0\Bk_xmas1_format0.mid --> piano-midi.de /midis/format0 Bk_xmas1_format0.mid
101.10.24 19:58 B D:\privat\web\midis\format0\appass_1_format0.mid --> piano-midi.de /midis/format0 appass_1_format0.mid
101.10.27 18:31 B D:\privat\web\midis\format0\mond_3_format0.mid --> piano-midi.de /midis/format0 mond_3_format0.mid
101.10.27 18:31 B D:\privat\web\midis\format0\mond_1_format0.mid --> piano-midi.de /midis/format0 mond_1_format0.mid
101.10.27 18:32 B D:\privat\web\midis\format0\bk_xmas1_format0.mid --> piano-midi.de /midis/format0 bk_xmas1_format0.mid
101.10.27 18:32 B D:\privat\web\midis\format0\bk_xmas2_format0.mid --> piano-midi.de /midis/format0 bk_xmas2_format0.mid
101.10.27 18:33 B D:\privat\web\midis\format0\bk_xmas3_format0.mid --> piano-midi.de /midis/format0 bk_xmas3_format0.mid
101.11.01 00:07 B D:\privat\web\midis\format0\appass_2_format0.mid --> piano-midi.de /midis/format0 appass_2_format0.mid
101.11.24 20:04 B D:\privat\web\midis\format0\bk_xmas2_format0.mid --> piano-midi.de /midis/format0 bk_xmas2_format0.mid
101.11.24 20:04 B D:\privat\web\midis\format0\bk_xmas1_format0.mid --> piano-midi.de /midis/format0 bk_xmas1_format0.mid
101.11.30 10:05 B D:\privat\web\midis\format0\appass_3_format0.mid --> piano-midi.de /midis/format0 appass_3_format0.mid
102.01.01 00:35 B D:\privat\web\midis\format0\mz_333_3_format0.mid --> piano-midi.de /midis/format0 mz_333_3_format0.mid
102.01.01 00:35 B D:\privat\web\midis\format0\mz_333_2_format0.mid --> piano-midi.de /midis/format0 mz_333_2_format0.mid
102.01.01 00:35 B D:\privat\web\midis\format0\mz_333_1_format0.mid --> piano-midi.de /midis/format0 mz_333_1_format0.mid
102.01.01 00:35 B D:\privat\web\midis\format0\mz_330_3_format0.mid --> piano-midi.de /midis/format0 mz_330_3_format0.mid
102.01.01 00:35 B D:\privat\web\midis\format0\mz_330_2_format0.mid --> piano-midi.de /midis/format0 mz_330_2_format0.mid
102.01.01 00:35 B D:\privat\web\midis\format0\mz_330_1_format0.mid --> piano-midi.de /midis/format0 mz_330_1_format0.mid
102.02.01 15:39 B D:\privat\web\midis\format0\chpn_op35_1_format0.mid --> piano-midi.de /midis/format0 chpn_op35_1_format0.mid
102.03.02 11:26 B D:\privat\web\midis\format0\chpn_op35_2_format0.mid --> piano-midi.de /midis/format0 chpn_op35_2_format0.mid
102.03.02 11:26 B D:\privat\web\midis\format0\chpn_op35_1_format0.mid --> piano-midi.de /midis/format0 chpn_op35_1_format0.mid
102.04.01 08:40 B D:\privat\web\midis\format0\chpn_op35_3_format0.mid --> piano-midi.de /midis/format0 chpn_op35_3_format0.mid
102.04.01 08:40 B D:\privat\web\midis\format0\chpn_op35_2_format0.mid --> piano-midi.de /midis/format0 chpn_op35_2_format0.mid
102.04.30 20:03 B D:\privat\web\midis\format0\chpn_op35_4_format0.mid --> piano-midi.de /midis/format0 chpn_op35_4_format0.mid
102.05.19 12:28 B D:\privat\web\midis\format0\br_im6_format0.mid --> piano-midi.de /midis/format0 br_im6_format0.mid
102.05.19 12:28 B D:\privat\web\midis\format0\br_im2_format0.mid --> piano-midi.de /midis/format0 br_im2_format0.mid
102.05.19 12:28 B D:\privat\web\midis\format0\br_rhap_format0.mid --> piano-midi.de /midis/format0 br_rhap_format0.mid
102.05.29 22:33 B D:\privat\web\midis\format0\schub_d960_1_format0.mid --> piano-midi.de /midis/format0 schub_d960_1_format0.mid
102.05.31 17:55 B D:\privat\web\midis\format0\schub_d960_1_format0.mid --> piano-midi.de /midis/format0 schub_d960_1_format0.mid
102.06.11 21:06 B D:\privat\web\midis\format0\schub_d960_1_format0.mid --> piano-midi.de /midis/format0 schub_d960_1_format0.mid
102.06.22 09:46 B D:\privat\web\midis\format0\hay_40_1_format0.mid --> piano-midi.de /midis/format0 hay_40_1_format0.mid
102.06.22 09:46 B D:\privat\web\midis\format0\hay_40_2_format0.mid --> piano-midi.de /midis/format0 hay_40_2_format0.mid
102.06.26 11:57 B D:\privat\web\midis\format0\htaccess.txt --> piano-midi.de /fotos htaccess.txt
102.07.01 18:17 B D:\privat\web\midis\format0\schub_d960_2_format0.mid --> piano-midi.de /midis/format0 schub_d960_2_format0.mid
102.07.13 11:53 B D:\privat\web\midis\format0\alb_esp1_format0.mid --> piano-midi.de /public/midis/format0 alb_esp1_format0.mid
102.07.13 11:53 B D:\privat\web\midis\format0\alb_esp2_format0.mid --> piano-midi.de /public/midis/format0 alb_esp2_format0.mid
102.07.13 11:53 B D:\privat\web\midis\format0\alb_esp3_format0.mid --> piano-midi.de /public/midis/format0 alb_esp3_format0.mid
102.07.13 11:54 B D:\privat\web\midis\format0\alb_esp4_format0.mid --> piano-midi.de /public/midis/format0 alb_esp4_format0.mid
102.07.13 11:54 B D:\privat\web\midis\format0\alb_esp5_format0.mid --> piano-midi.de /public/midis/format0 alb_esp5_format0.mid
102.07.13 11:54 B D:\privat\web\midis\format0\alb_esp6_format0.mid --> piano-midi.de /public/midis/format0 alb_esp6_format0.mid
102.07.13 11:54 B D:\privat\web\midis\format0\alb_se1_format0.mid --> piano-midi.de /public/midis/format0 alb_se1_format0.mid
102.07.13 11:54 B D:\privat\web\midis\format0\alb_se2_format0.mid --> piano-midi.de /public/midis/format0 alb_se2_format0.mid
102.07.13 11:54 B D:\privat\web\midis\format0\alb_se3_format0.mid --> piano-midi.de /public/midis/format0 alb_se3_format0.mid
102.07.13 11:54 B D:\privat\web\midis\format0\alb_se4_format0.mid --> piano-midi.de /public/midis/format0 alb_se4_format0.mid
102.07.13 11:54 B D:\privat\web\midis\format0\alb_se5_format0.mid --> piano-midi.de /public/midis/format0 alb_se5_format0.mid
102.07.13 11:54 B D:\privat\web\midis\format0\alb_se6_format0.mid --> piano-midi.de /public/midis/format0 alb_se6_format0.mid
102.07.13 11:54 B D:\privat\web\midis\format0\alb_se7_format0.mid --> piano-midi.de /public/midis/format0 alb_se7_format0.mid
102.07.13 11:54 B D:\privat\web\midis\format0\alb_se8_format0.mid --> piano-midi.de /public/midis/format0 alb_se8_format0.mid
102.07.13 11:54 B D:\privat\web\midis\format0\appass_1_format0.mid --> piano-midi.de /public/midis/format0 appass_1_format0.mid
102.07.13 11:54 B D:\privat\web\midis\format0\appass_2_format0.mid --> piano-midi.de /public/midis/format0 appass_2_format0.mid
102.07.13 11:54 B D:\privat\web\midis\format0\appass_3_format0.mid --> piano-midi.de /public/midis/format0 appass_3_format0.mid
102.07.13 11:54 B D:\privat\web\midis\format0\bk_xmas1_format0.mid --> piano-midi.de /public/midis/format0 bk_xmas1_format0.mid
102.07.13 11:54 B D:\privat\web\midis\format0\bk_xmas2_format0.mid --> piano-midi.de /public/midis/format0 bk_xmas2_format0.mid
102.07.13 11:54 B D:\privat\web\midis\format0\bk_xmas3_format0.mid --> piano-midi.de /public/midis/format0 bk_xmas3_format0.mid
102.07.13 11:54 B D:\privat\web\midis\format0\bor_ps1_format0.mid --> piano-midi.de /public/midis/format0 bor_ps1_format0.mid
102.07.13 11:54 B D:\privat\web\midis\format0\bor_ps2_format0.mid --> piano-midi.de /public/midis/format0 bor_ps2_format0.mid
102.07.13 11:54 B D:\privat\web\midis\format0\bor_ps3_format0.mid --> piano-midi.de /public/midis/format0 bor_ps3_format0.mid
102.07.13 11:54 B D:\privat\web\midis\format0\bor_ps4_format0.mid --> piano-midi.de /public/midis/format0 bor_ps4_format0.mid
102.07.13 11:54 B D:\privat\web\midis\format0\bor_ps5_format0.mid --> piano-midi.de /public/midis/format0 bor_ps5_format0.mid
102.07.13 11:54 B D:\privat\web\midis\format0\bor_ps6_format0.mid --> piano-midi.de /public/midis/format0 bor_ps6_format0.mid
102.07.13 11:54 B D:\privat\web\midis\format0\bor_ps7_format0.mid --> piano-midi.de /public/midis/format0 bor_ps7_format0.mid
102.07.13 11:54 B D:\privat\web\midis\format0\br_im2_format0.mid --> piano-midi.de /public/midis/format0 br_im2_format0.mid
102.07.13 11:54 B D:\privat\web\midis\format0\br_im6_format0.mid --> piano-midi.de /public/midis/format0 br_im6_format0.mid
102.07.13 11:54 B D:\privat\web\midis\format0\br_rhap_format0.mid --> piano-midi.de /public/midis/format0 br_rhap_format0.mid
102.07.13 11:54 B D:\privat\web\midis\format0\burg_gewitter_format0.mid --> piano-midi.de /public/midis/format0 burg_gewitter_format0.mid
102.07.13 11:54 B D:\privat\web\midis\format0\burg_perlen_format0.mid --> piano-midi.de /public/midis/format0 burg_perlen_format0.mid
102.07.13 11:54 B D:\privat\web\midis\format0\burg_quelle_format0.mid --> piano-midi.de /public/midis/format0 burg_quelle_format0.mid
102.07.13 11:54 B D:\privat\web\midis\format0\chp_op18_format0.mid --> piano-midi.de /public/midis/format0 chp_op18_format0.mid
102.07.13 11:55 B D:\privat\web\midis\format0\chp_op31_format0.mid --> piano-midi.de /public/midis/format0 chp_op31_format0.mid
102.07.13 11:55 B D:\privat\web\midis\format0\chpn-e01_format0.mid --> piano-midi.de /public/midis/format0 chpn-e01_format0.mid
102.07.13 11:55 B D:\privat\web\midis\format0\chpn-e11_format0.mid --> piano-midi.de /public/midis/format0 chpn-e11_format0.mid
102.07.13 11:55 B D:\privat\web\midis\format0\chpn-e12_format0.mid --> piano-midi.de /public/midis/format0 chpn-e12_format0.mid
102.07.13 11:55 B D:\privat\web\midis\format0\chpn-p7_format0.mid --> piano-midi.de /public/midis/format0 chpn-p7_format0.mid
102.07.13 11:55 B D:\privat\web\midis\format0\chpn-p8_format0.mid --> piano-midi.de /public/midis/format0 chpn-p8_format0.mid
102.07.13 11:55 B D:\privat\web\midis\format0\chpn-p9_format0.mid --> piano-midi.de /public/midis/format0 chpn-p9_format0.mid
102.07.13 11:55 B D:\privat\web\midis\format0\chpn_op35_1_format0.mid --> piano-midi.de /public/midis/format0 chpn_op35_1_format0.mid
102.07.13 11:55 B D:\privat\web\midis\format0\chpn_op35_2_format0.mid --> piano-midi.de /public/midis/format0 chpn_op35_2_format0.mid
102.07.13 11:55 B D:\privat\web\midis\format0\chpn_op35_3_format0.mid --> piano-midi.de /public/midis/format0 chpn_op35_3_format0.mid
102.07.13 11:55 B D:\privat\web\midis\format0\chpn_op35_4_format0.mid --> piano-midi.de /public/midis/format0 chpn_op35_4_format0.mid
102.07.13 11:55 B D:\privat\web\midis\format0\gra_esp_2_format0.mid --> piano-midi.de /public/midis/format0 gra_esp_2_format0.mid
102.07.13 11:55 B D:\privat\web\midis\format0\gra_esp_3_format0.mid --> piano-midi.de /public/midis/format0 gra_esp_3_format0.mid
102.07.13 11:55 B D:\privat\web\midis\format0\gra_esp_4_format0.mid --> piano-midi.de /public/midis/format0 gra_esp_4_format0.mid
102.07.13 11:55 B D:\privat\web\midis\format0\hay_40_1_format0.mid --> piano-midi.de /public/midis/format0 hay_40_1_format0.mid
102.07.13 11:55 B D:\privat\web\midis\format0\hay_40_2_format0.mid --> piano-midi.de /public/midis/format0 hay_40_2_format0.mid
102.07.13 11:55 B D:\privat\web\midis\format0\htaccess.txt --> piano-midi.de /public/midis/format0 htaccess.txt
102.07.13 11:55 B D:\privat\web\midis\format0\islamei_format0.mid --> piano-midi.de /public/midis/format0 islamei_format0.mid
102.07.13 11:55 B D:\privat\web\midis\format0\kobold_format0.mid --> piano-midi.de /public/midis/format0 kobold_format0.mid
102.07.13 11:55 B D:\privat\web\midis\format0\liz_et2_format0.mid --> piano-midi.de /public/midis/format0 liz_et2_format0.mid
102.07.13 11:55 B D:\privat\web\midis\format0\liz_et3_format0.mid --> piano-midi.de /public/midis/format0 liz_et3_format0.mid
102.07.13 11:55 B D:\privat\web\midis\format0\liz_et5_format0.mid --> piano-midi.de /public/midis/format0 liz_et5_format0.mid
102.07.13 11:55 B D:\privat\web\midis\format0\mond_1_format0.mid --> piano-midi.de /public/midis/format0 mond_1_format0.mid
102.07.13 11:56 B D:\privat\web\midis\format0\mond_2_format0.mid --> piano-midi.de /public/midis/format0 mond_2_format0.mid
102.07.13 11:56 B D:\privat\web\midis\format0\mond_3_format0.mid --> piano-midi.de /public/midis/format0 mond_3_format0.mid
102.07.13 11:56 B D:\privat\web\midis\format0\muss_1_format0.mid --> piano-midi.de /public/midis/format0 muss_1_format0.mid
102.07.13 11:56 B D:\privat\web\midis\format0\muss_2_format0.mid --> piano-midi.de /public/midis/format0 muss_2_format0.mid
102.07.13 11:56 B D:\privat\web\midis\format0\muss_3_format0.mid --> piano-midi.de /public/midis/format0 muss_3_format0.mid
102.07.13 11:56 B D:\privat\web\midis\format0\muss_4_format0.mid --> piano-midi.de /public/midis/format0 muss_4_format0.mid
102.07.13 11:56 B D:\privat\web\midis\format0\muss_5_format0.mid --> piano-midi.de /public/midis/format0 muss_5_format0.mid
102.07.13 11:56 B D:\privat\web\midis\format0\muss_6_format0.mid --> piano-midi.de /public/midis/format0 muss_6_format0.mid
102.07.13 11:56 B D:\privat\web\midis\format0\muss_7_format0.mid --> piano-midi.de /public/midis/format0 muss_7_format0.mid
102.07.13 11:56 B D:\privat\web\midis\format0\muss_8_format0.mid --> piano-midi.de /public/midis/format0 muss_8_format0.mid
102.07.13 11:56 B D:\privat\web\midis\format0\mz_330_1_format0.mid --> piano-midi.de /public/midis/format0 mz_330_1_format0.mid
102.07.13 11:56 B D:\privat\web\midis\format0\mz_330_2_format0.mid --> piano-midi.de /public/midis/format0 mz_330_2_format0.mid
102.07.13 11:56 B D:\privat\web\midis\format0\mz_330_3_format0.mid --> piano-midi.de /public/midis/format0 mz_330_3_format0.mid
102.07.13 11:56 B D:\privat\web\midis\format0\mz_333_1_format0.mid --> piano-midi.de /public/midis/format0 mz_333_1_format0.mid
102.07.13 11:56 B D:\privat\web\midis\format0\mz_333_2_format0.mid --> piano-midi.de /public/midis/format0 mz_333_2_format0.mid
102.07.13 11:56 B D:\privat\web\midis\format0\mz_333_3_format0.mid --> piano-midi.de /public/midis/format0 mz_333_3_format0.mid
102.07.13 11:56 B D:\privat\web\midis\format0\schub_d960_1_format0.mid --> piano-midi.de /public/midis/format0 schub_d960_1_format0.mid
102.07.13 11:56 B D:\privat\web\midis\format0\schub_d960_2_format0.mid --> piano-midi.de /public/midis/format0 schub_d960_2_format0.mid
102.07.13 11:56 B D:\privat\web\midis\format0\ty_april_format0.mid --> piano-midi.de /public/midis/format0 ty_april_format0.mid
102.07.13 11:56 B D:\privat\web\midis\format0\ty_august_format0.mid --> piano-midi.de /public/midis/format0 ty_august_format0.mid
102.07.13 11:56 B D:\privat\web\midis\format0\ty_dezember_format0.mid --> piano-midi.de /public/midis/format0 ty_dezember_format0.mid
102.07.13 11:56 B D:\privat\web\midis\format0\ty_februar_format0.mid --> piano-midi.de /public/midis/format0 ty_februar_format0.mid
102.07.13 11:56 B D:\privat\web\midis\format0\ty_januar_format0.mid --> piano-midi.de /public/midis/format0 ty_januar_format0.mid
102.07.13 11:56 B D:\privat\web\midis\format0\ty_juli_format0.mid --> piano-midi.de /public/midis/format0 ty_juli_format0.mid
102.07.13 11:57 B D:\privat\web\midis\format0\ty_juni_format0.mid --> piano-midi.de /public/midis/format0 ty_juni_format0.mid
102.07.13 11:57 B D:\privat\web\midis\format0\ty_maerz_format0.mid --> piano-midi.de /public/midis/format0 ty_maerz_format0.mid
102.07.13 11:57 B D:\privat\web\midis\format0\ty_mai_format0.mid --> piano-midi.de /public/midis/format0 ty_mai_format0.mid
102.07.13 11:57 B D:\privat\web\midis\format0\ty_november_format0.mid --> piano-midi.de /public/midis/format0 ty_november_format0.mid
102.07.13 11:57 B D:\privat\web\midis\format0\ty_oktober_format0.mid --> piano-midi.de /public/midis/format0 ty_oktober_format0.mid
102.07.13 11:57 B D:\privat\web\midis\format0\ty_september_format0.mid --> piano-midi.de /public/midis/format0 ty_september_format0.mid
102.07.13 11:57 B D:\privat\web\midis\format0\voeglein_format0.mid --> piano-midi.de /public/midis/format0 voeglein_format0.mid
102.07.13 11:57 B D:\privat\web\midis\format0\waechter_format0.mid --> piano-midi.de /public/midis/format0 waechter_format0.mid
102.07.13 11:57 B D:\privat\web\midis\format0\wedding_format0.mid --> piano-midi.de /public/midis/format0 wedding_format0.mid
102.07.13 11:57 B D:\privat\web\midis\format0\zwerge_format0.mid --> piano-midi.de /public/midis/format0 zwerge_format0.mid
102.07.13 16:10 B D:\privat\web\midis\format0\schub_d960_2_format0.mid --> piano-midi.de /midis/format0 schub_d960_2_format0.mid
102.07.13 16:16 B D:\privat\web\midis\format0\schub_d960_2_format0.mid --> piano-midi.de /public/midis/format0 schub_d960_2_format0.mid
102.08.01 18:28 B D:\privat\web\public\midis\format0\schub_d960_4_format0.mid --> piano-midi.de /public/midis/format0 schub_d960_4_format0.mid
102.08.01 18:28 B D:\privat\web\public\midis\format0\schub_d960_3_format0.mid --> piano-midi.de /public/midis/format0 schub_d960_3_format0.mid
102.08.31 15:58 B D:\privat\web\public\midis\format0\chpn-p4_format0.mid --> piano-midi.de /public/midis/format0 chpn-p4_format0.mid
102.08.31 15:58 B D:\privat\web\public\midis\format0\chpn-p6_format0.mid --> piano-midi.de /public/midis/format0 chpn-p6_format0.mid
102.08.31 15:58 B D:\privat\web\public\midis\format0\chpn-p2_format0.mid --> piano-midi.de /public/midis/format0 chpn-p2_format0.mid
102.08.31 15:58 B D:\privat\web\public\midis\format0\chpn-p1_format0.mid --> piano-midi.de /public/midis/format0 chpn-p1_format0.mid
102.08.31 15:58 B D:\privat\web\public\midis\format0\chpn-p5_format0.mid --> piano-midi.de /public/midis/format0 chpn-p5_format0.mid
102.08.31 15:59 B D:\privat\web\public\midis\format0\chpn-p3_format0.mid --> piano-midi.de /public/midis/format0 chpn-p3_format0.mid
102.08.31 20:49 B D:\privat\web\public\midis\format0\.htaccess <-- Schlund & Partner (ftp) /midis/format0 .htaccess
102.08.31 20:50 B D:\privat\web\public\midis\format0\.htaccess --> piano-midi.de /public/midis/format0 .htaccess
102.10.01 19:26 B D:\privat\web\public\midis\format0\chpn-p15_format0.mid --> piano-midi.de /public/midis/format0 chpn-p15_format0.mid
102.10.01 19:26 B D:\privat\web\public\midis\format0\chpn-p13_format0.mid --> piano-midi.de /public/midis/format0 chpn-p13_format0.mid
102.10.01 19:26 B D:\privat\web\public\midis\format0\chpn-p12_format0.mid --> piano-midi.de /public/midis/format0 chpn-p12_format0.mid
102.10.01 19:26 B D:\privat\web\public\midis\format0\chpn-p14_format0.mid --> piano-midi.de /public/midis/format0 chpn-p14_format0.mid
102.11.01 08:18 B D:\privat\web\public\midis\format0\chpn-p17_format0.mid --> piano-midi.de /public/midis/format0 chpn-p17_format0.mid
102.11.01 08:18 B D:\privat\web\public\midis\format0\chpn-p16_format0.mid --> piano-midi.de /public/midis/format0 chpn-p16_format0.mid
102.12.01 12:33 B D:\privat\web\public\midis\format0\chpn-p21_format0.mid --> piano-midi.de /public/midis/format0 chpn-p21_format0.mid
102.12.01 12:33 B D:\privat\web\public\midis\format0\chpn-p20_format0.mid --> piano-midi.de /public/midis/format0 chpn-p20_format0.mid
102.12.01 12:33 B D:\privat\web\public\midis\format0\chpn-p18_format0.mid --> piano-midi.de /public/midis/format0 chpn-p18_format0.mid
102.12.01 12:33 B D:\privat\web\public\midis\format0\chpn-p19_format0.mid --> piano-midi.de /public/midis/format0 chpn-p19_format0.mid
102.12.31 11:44 B D:\privat\web\public\midis\format0\alb_esp1_format0.mid --> piano-midi.de /public/midis/format0 alb_esp1_format0.mid
102.12.31 11:44 B D:\privat\web\public\midis\format0\alb_esp2_format0.mid --> piano-midi.de /public/midis/format0 alb_esp2_format0.mid
102.12.31 11:44 B D:\privat\web\public\midis\format0\alb_esp3_format0.mid --> piano-midi.de /public/midis/format0 alb_esp3_format0.mid
102.12.31 11:44 B D:\privat\web\public\midis\format0\alb_esp4_format0.mid --> piano-midi.de /public/midis/format0 alb_esp4_format0.mid
102.12.31 11:44 B D:\privat\web\public\midis\format0\alb_esp5_format0.mid --> piano-midi.de /public/midis/format0 alb_esp5_format0.mid
102.12.31 11:44 B D:\privat\web\public\midis\format0\alb_esp6_format0.mid --> piano-midi.de /public/midis/format0 alb_esp6_format0.mid
102.12.31 11:44 B D:\privat\web\public\midis\format0\alb_se1_format0.mid --> piano-midi.de /public/midis/format0 alb_se1_format0.mid
102.12.31 11:44 B D:\privat\web\public\midis\format0\alb_se2_format0.mid --> piano-midi.de /public/midis/format0 alb_se2_format0.mid
102.12.31 11:44 B D:\privat\web\public\midis\format0\alb_se3_format0.mid --> piano-midi.de /public/midis/format0 alb_se3_format0.mid
102.12.31 11:44 B D:\privat\web\public\midis\format0\alb_se4_format0.mid --> piano-midi.de /public/midis/format0 alb_se4_format0.mid
102.12.31 11:44 B D:\privat\web\public\midis\format0\alb_se5_format0.mid --> piano-midi.de /public/midis/format0 alb_se5_format0.mid
102.12.31 11:44 B D:\privat\web\public\midis\format0\alb_se6_format0.mid --> piano-midi.de /public/midis/format0 alb_se6_format0.mid
102.12.31 11:44 B D:\privat\web\public\midis\format0\alb_se7_format0.mid --> piano-midi.de /public/midis/format0 alb_se7_format0.mid
102.12.31 11:44 B D:\privat\web\public\midis\format0\alb_se8_format0.mid --> piano-midi.de /public/midis/format0 alb_se8_format0.mid
102.12.31 11:45 B D:\privat\web\public\midis\format0\appass_1_format0.mid --> piano-midi.de /public/midis/format0 appass_1_format0.mid
102.12.31 11:45 B D:\privat\web\public\midis\format0\appass_2_format0.mid --> piano-midi.de /public/midis/format0 appass_2_format0.mid
102.12.31 11:45 B D:\privat\web\public\midis\format0\appass_3_format0.mid --> piano-midi.de /public/midis/format0 appass_3_format0.mid
102.12.31 11:45 B D:\privat\web\public\midis\format0\bach_846_format0.mid --> piano-midi.de /public/midis/format0 bach_846_format0.mid
102.12.31 11:45 B D:\privat\web\public\midis\format0\bach_847_format0.mid --> piano-midi.de /public/midis/format0 bach_847_format0.mid
102.12.31 11:45 B D:\privat\web\public\midis\format0\bach_850_format0.mid --> piano-midi.de /public/midis/format0 bach_850_format0.mid
102.12.31 11:45 B D:\privat\web\public\midis\format0\bk_xmas1_format0.mid --> piano-midi.de /public/midis/format0 bk_xmas1_format0.mid
102.12.31 11:45 B D:\privat\web\public\midis\format0\bk_xmas2_format0.mid --> piano-midi.de /public/midis/format0 bk_xmas2_format0.mid
102.12.31 11:45 B D:\privat\web\public\midis\format0\bk_xmas3_format0.mid --> piano-midi.de /public/midis/format0 bk_xmas3_format0.mid
102.12.31 11:45 B D:\privat\web\public\midis\format0\bor_ps1_format0.mid --> piano-midi.de /public/midis/format0 bor_ps1_format0.mid
102.12.31 11:45 B D:\privat\web\public\midis\format0\bor_ps2_format0.mid --> piano-midi.de /public/midis/format0 bor_ps2_format0.mid
102.12.31 11:45 B D:\privat\web\public\midis\format0\bor_ps3_format0.mid --> piano-midi.de /public/midis/format0 bor_ps3_format0.mid
102.12.31 11:45 B D:\privat\web\public\midis\format0\bor_ps4_format0.mid --> piano-midi.de /public/midis/format0 bor_ps4_format0.mid
102.12.31 11:45 B D:\privat\web\public\midis\format0\bor_ps5_format0.mid --> piano-midi.de /public/midis/format0 bor_ps5_format0.mid
102.12.31 11:45 B D:\privat\web\public\midis\format0\bor_ps6_format0.mid --> piano-midi.de /public/midis/format0 bor_ps6_format0.mid
102.12.31 11:45 B D:\privat\web\public\midis\format0\bor_ps7_format0.mid --> piano-midi.de /public/midis/format0 bor_ps7_format0.mid
102.12.31 11:45 B D:\privat\web\public\midis\format0\br_im2_format0.mid --> piano-midi.de /public/midis/format0 br_im2_format0.mid
102.12.31 11:45 B D:\privat\web\public\midis\format0\br_im6_format0.mid --> piano-midi.de /public/midis/format0 br_im6_format0.mid
102.12.31 11:45 B D:\privat\web\public\midis\format0\br_rhap_format0.mid --> piano-midi.de /public/midis/format0 br_rhap_format0.mid
102.12.31 11:45 B D:\privat\web\public\midis\format0\burg_gewitter_format0.mid --> piano-midi.de /public/midis/format0 burg_gewitter_format0.mid
102.12.31 11:45 B D:\privat\web\public\midis\format0\burg_perlen_format0.mid --> piano-midi.de /public/midis/format0 burg_perlen_format0.mid
102.12.31 11:45 B D:\privat\web\public\midis\format0\burg_quelle_format0.mid --> piano-midi.de /public/midis/format0 burg_quelle_format0.mid
102.12.31 11:45 B D:\privat\web\public\midis\format0\chp_op18_format0.mid --> piano-midi.de /public/midis/format0 chp_op18_format0.mid
102.12.31 11:45 B D:\privat\web\public\midis\format0\chp_op31_format0.mid --> piano-midi.de /public/midis/format0 chp_op31_format0.mid
102.12.31 11:45 B D:\privat\web\public\midis\format0\chpn-p10_format0.mid --> piano-midi.de /public/midis/format0 chpn-p10_format0.mid
102.12.31 11:45 B D:\privat\web\public\midis\format0\chpn-p11-format0.mid --> piano-midi.de /public/midis/format0 chpn-p11-format0.mid
102.12.31 11:45 B D:\privat\web\public\midis\format0\chpn-p12_format0.mid --> piano-midi.de /public/midis/format0 chpn-p12_format0.mid
102.12.31 11:45 B D:\privat\web\public\midis\format0\chpn-p13_format0.mid --> piano-midi.de /public/midis/format0 chpn-p13_format0.mid
102.12.31 11:45 B D:\privat\web\public\midis\format0\chpn-p14_format0.mid --> piano-midi.de /public/midis/format0 chpn-p14_format0.mid
102.12.31 11:45 B D:\privat\web\public\midis\format0\chpn-p15_format0.mid --> piano-midi.de /public/midis/format0 chpn-p15_format0.mid
102.12.31 11:45 B D:\privat\web\public\midis\format0\chpn-p16_format0.mid --> piano-midi.de /public/midis/format0 chpn-p16_format0.mid
102.12.31 11:45 B D:\privat\web\public\midis\format0\chpn-p17_format0.mid --> piano-midi.de /public/midis/format0 chpn-p17_format0.mid
102.12.31 11:45 B D:\privat\web\public\midis\format0\chpn-p18_format0.mid --> piano-midi.de /public/midis/format0 chpn-p18_format0.mid
102.12.31 11:45 B D:\privat\web\public\midis\format0\chpn-p19_format0.mid --> piano-midi.de /public/midis/format0 chpn-p19_format0.mid
102.12.31 11:45 B D:\privat\web\public\midis\format0\chpn-p1_format0.mid --> piano-midi.de /public/midis/format0 chpn-p1_format0.mid
102.12.31 11:45 B D:\privat\web\public\midis\format0\chpn-p20_format0.mid --> piano-midi.de /public/midis/format0 chpn-p20_format0.mid
102.12.31 11:45 B D:\privat\web\public\midis\format0\chpn-p21_format0.mid --> piano-midi.de /public/midis/format0 chpn-p21_format0.mid
102.12.31 11:45 B D:\privat\web\public\midis\format0\chpn-p22_format0.mid --> piano-midi.de /public/midis/format0 chpn-p22_format0.mid
102.12.31 11:45 B D:\privat\web\public\midis\format0\chpn-p23_format0.mid --> piano-midi.de /public/midis/format0 chpn-p23_format0.mid
102.12.31 11:45 B D:\privat\web\public\midis\format0\chpn-p24_format0.mid --> piano-midi.de /public/midis/format0 chpn-p24_format0.mid
102.12.31 11:45 B D:\privat\web\public\midis\format0\chpn-p2_format0.mid --> piano-midi.de /public/midis/format0 chpn-p2_format0.mid
102.12.31 11:46 B D:\privat\web\public\midis\format0\chpn-p3_format0.mid --> piano-midi.de /public/midis/format0 chpn-p3_format0.mid
102.12.31 11:46 B D:\privat\web\public\midis\format0\chpn-p4_format0.mid --> piano-midi.de /public/midis/format0 chpn-p4_format0.mid
102.12.31 11:46 B D:\privat\web\public\midis\format0\chpn-p5_format0.mid --> piano-midi.de /public/midis/format0 chpn-p5_format0.mid
102.12.31 11:46 B D:\privat\web\public\midis\format0\chpn-p6_format0.mid --> piano-midi.de /public/midis/format0 chpn-p6_format0.mid
102.12.31 11:46 B D:\privat\web\public\midis\format0\chpn-p7_format0.mid --> piano-midi.de /public/midis/format0 chpn-p7_format0.mid
102.12.31 11:46 B D:\privat\web\public\midis\format0\chpn-p8_format0.mid --> piano-midi.de /public/midis/format0 chpn-p8_format0.mid
102.12.31 11:46 B D:\privat\web\public\midis\format0\chpn-p9_format0.mid --> piano-midi.de /public/midis/format0 chpn-p9_format0.mid
102.12.31 11:46 B D:\privat\web\public\midis\format0\chpn_op10_e01_format0.mid --> piano-midi.de /public/midis/format0 chpn_op10_e01_format0.mid
102.12.31 11:46 B D:\privat\web\public\midis\format0\chpn_op10_e05_format0.mid --> piano-midi.de /public/midis/format0 chpn_op10_e05_format0.mid
102.12.31 11:46 B D:\privat\web\public\midis\format0\chpn_op10_e12_format0.mid --> piano-midi.de /public/midis/format0 chpn_op10_e12_format0.mid
102.12.31 11:46 B D:\privat\web\public\midis\format0\chpn_op25_e11_format0.mid --> piano-midi.de /public/midis/format0 chpn_op25_e11_format0.mid
102.12.31 11:46 B D:\privat\web\public\midis\format0\chpn_op35_1_format0.mid --> piano-midi.de /public/midis/format0 chpn_op35_1_format0.mid
102.12.31 11:46 B D:\privat\web\public\midis\format0\chpn_op35_2_format0.mid --> piano-midi.de /public/midis/format0 chpn_op35_2_format0.mid
102.12.31 11:46 B D:\privat\web\public\midis\format0\chpn_op35_3_format0.mid --> piano-midi.de /public/midis/format0 chpn_op35_3_format0.mid
102.12.31 11:46 B D:\privat\web\public\midis\format0\chpn_op35_4_format0.mid --> piano-midi.de /public/midis/format0 chpn_op35_4_format0.mid
102.12.31 11:46 B D:\privat\web\public\midis\format0\deb_clai_format0.mid --> piano-midi.de /public/midis/format0 deb_clai_format0.mid
102.12.31 11:46 B D:\privat\web\public\midis\format0\deb_menu_format0.mid --> piano-midi.de /public/midis/format0 deb_menu_format0.mid
102.12.31 11:46 B D:\privat\web\public\midis\format0\deb_pass_format0.mid --> piano-midi.de /public/midis/format0 deb_pass_format0.mid
102.12.31 11:46 B D:\privat\web\public\midis\format0\deb_prel_format0.mid --> piano-midi.de /public/midis/format0 deb_prel_format0.mid
102.12.31 11:46 B D:\privat\web\public\midis\format0\gra_esp_2_format0.mid --> piano-midi.de /public/midis/format0 gra_esp_2_format0.mid
102.12.31 11:46 B D:\privat\web\public\midis\format0\gra_esp_3_format0.mid --> piano-midi.de /public/midis/format0 gra_esp_3_format0.mid
102.12.31 11:46 B D:\privat\web\public\midis\format0\gra_esp_4_format0.mid --> piano-midi.de /public/midis/format0 gra_esp_4_format0.mid
102.12.31 11:46 B D:\privat\web\public\midis\format0\hay_40_1_format0.mid --> piano-midi.de /public/midis/format0 hay_40_1_format0.mid
102.12.31 11:46 B D:\privat\web\public\midis\format0\hay_40_2_format0.mid --> piano-midi.de /public/midis/format0 hay_40_2_format0.mid
102.12.31 11:46 B D:\privat\web\public\midis\format0\islamei_format0.mid --> piano-midi.de /public/midis/format0 islamei_format0.mid
102.12.31 11:46 B D:\privat\web\public\midis\format0\kobold_format0.mid --> piano-midi.de /public/midis/format0 kobold_format0.mid
102.12.31 11:46 B D:\privat\web\public\midis\format0\liz_et2_format0.mid --> piano-midi.de /public/midis/format0 liz_et2_format0.mid
102.12.31 11:47 B D:\privat\web\public\midis\format0\liz_et3_format0.mid --> piano-midi.de /public/midis/format0 liz_et3_format0.mid
102.12.31 11:47 B D:\privat\web\public\midis\format0\liz_et5_format0.mid --> piano-midi.de /public/midis/format0 liz_et5_format0.mid
102.12.31 11:47 B D:\privat\web\public\midis\format0\mond_1_format0.mid --> piano-midi.de /public/midis/format0 mond_1_format0.mid
102.12.31 11:47 B D:\privat\web\public\midis\format0\mond_2_format0.mid --> piano-midi.de /public/midis/format0 mond_2_format0.mid
102.12.31 11:47 B D:\privat\web\public\midis\format0\mond_3_format0.mid --> piano-midi.de /public/midis/format0 mond_3_format0.mid
102.12.31 11:47 B D:\privat\web\public\midis\format0\muss_1_format0.mid --> piano-midi.de /public/midis/format0 muss_1_format0.mid
102.12.31 11:47 B D:\privat\web\public\midis\format0\muss_2_format0.mid --> piano-midi.de /public/midis/format0 muss_2_format0.mid
102.12.31 11:47 B D:\privat\web\public\midis\format0\muss_3_format0.mid --> piano-midi.de /public/midis/format0 muss_3_format0.mid
102.12.31 11:47 B D:\privat\web\public\midis\format0\muss_4_format0.mid --> piano-midi.de /public/midis/format0 muss_4_format0.mid
102.12.31 11:47 B D:\privat\web\public\midis\format0\muss_5_format0.mid --> piano-midi.de /public/midis/format0 muss_5_format0.mid
102.12.31 11:47 B D:\privat\web\public\midis\format0\muss_6_format0.mid --> piano-midi.de /public/midis/format0 muss_6_format0.mid
102.12.31 11:47 B D:\privat\web\public\midis\format0\muss_7_format0.mid --> piano-midi.de /public/midis/format0 muss_7_format0.mid
102.12.31 11:47 B D:\privat\web\public\midis\format0\muss_8_format0.mid --> piano-midi.de /public/midis/format0 muss_8_format0.mid
102.12.31 11:47 B D:\privat\web\public\midis\format0\mz_330_1_format0.mid --> piano-midi.de /public/midis/format0 mz_330_1_format0.mid
102.12.31 11:47 B D:\privat\web\public\midis\format0\mz_330_2_format0.mid --> piano-midi.de /public/midis/format0 mz_330_2_format0.mid
102.12.31 11:47 B D:\privat\web\public\midis\format0\mz_330_3_format0.mid --> piano-midi.de /public/midis/format0 mz_330_3_format0.mid
102.12.31 11:47 B D:\privat\web\public\midis\format0\mz_333_1_format0.mid --> piano-midi.de /public/midis/format0 mz_333_1_format0.mid
102.12.31 11:47 B D:\privat\web\public\midis\format0\mz_333_2_format0.mid --> piano-midi.de /public/midis/format0 mz_333_2_format0.mid
102.12.31 11:47 B D:\privat\web\public\midis\format0\mz_333_3_format0.mid --> piano-midi.de /public/midis/format0 mz_333_3_format0.mid
102.12.31 11:47 B D:\privat\web\public\midis\format0\schu_143_1_format0.mid --> piano-midi.de /public/midis/format0 schu_143_1_format0.mid
102.12.31 11:47 B D:\privat\web\public\midis\format0\schu_143_2_format0.mid --> piano-midi.de /public/midis/format0 schu_143_2_format0.mid
102.12.31 11:47 B D:\privat\web\public\midis\format0\schu_143_3_format0.mid --> piano-midi.de /public/midis/format0 schu_143_3_format0.mid
102.12.31 11:47 B D:\privat\web\public\midis\format0\schub_d960_1_format0.mid --> piano-midi.de /public/midis/format0 schub_d960_1_format0.mid
102.12.31 11:47 B D:\privat\web\public\midis\format0\schub_d960_2_format0.mid --> piano-midi.de /public/midis/format0 schub_d960_2_format0.mid
102.12.31 11:48 B D:\privat\web\public\midis\format0\schub_d960_3_format0.mid --> piano-midi.de /public/midis/format0 schub_d960_3_format0.mid
102.12.31 11:48 B D:\privat\web\public\midis\format0\schub_d960_4_format0.mid --> piano-midi.de /public/midis/format0 schub_d960_4_format0.mid
102.12.31 11:48 B D:\privat\web\public\midis\format0\schuim-2_format0.mid --> piano-midi.de /public/midis/format0 schuim-2_format0.mid
102.12.31 11:48 B D:\privat\web\public\midis\format0\schuim-4_format0.mid --> piano-midi.de /public/midis/format0 schuim-4_format0.mid
102.12.31 11:48 B D:\privat\web\public\midis\format0\schumm-1_format0.mid --> piano-midi.de /public/midis/format0 schumm-1_format0.mid
102.12.31 11:48 B D:\privat\web\public\midis\format0\schumm-2_format0.mid --> piano-midi.de /public/midis/format0 schumm-2_format0.mid
102.12.31 11:48 B D:\privat\web\public\midis\format0\schumm-3_format0.mid --> piano-midi.de /public/midis/format0 schumm-3_format0.mid
102.12.31 11:48 B D:\privat\web\public\midis\format0\schumm-4_format0.mid --> piano-midi.de /public/midis/format0 schumm-4_format0.mid
102.12.31 11:48 B D:\privat\web\public\midis\format0\schumm-5_format0.mid --> piano-midi.de /public/midis/format0 schumm-5_format0.mid
102.12.31 11:48 B D:\privat\web\public\midis\format0\schumm-6_format0.mid --> piano-midi.de /public/midis/format0 schumm-6_format0.mid
102.12.31 11:48 B D:\privat\web\public\midis\format0\scn15_10_format0.mid --> piano-midi.de /public/midis/format0 scn15_10_format0.mid
102.12.31 11:48 B D:\privat\web\public\midis\format0\scn15_11_format0.mid --> piano-midi.de /public/midis/format0 scn15_11_format0.mid
102.12.31 11:48 B D:\privat\web\public\midis\format0\scn15_12_format0.mid --> piano-midi.de /public/midis/format0 scn15_12_format0.mid
102.12.31 11:48 B D:\privat\web\public\midis\format0\scn15_13_format0.mid --> piano-midi.de /public/midis/format0 scn15_13_format0.mid
102.12.31 11:48 B D:\privat\web\public\midis\format0\scn15_1_format0.mid --> piano-midi.de /public/midis/format0 scn15_1_format0.mid
102.12.31 11:48 B D:\privat\web\public\midis\format0\scn15_2_format0.mid --> piano-midi.de /public/midis/format0 scn15_2_format0.mid
102.12.31 11:48 B D:\privat\web\public\midis\format0\scn15_3_format0.mid --> piano-midi.de /public/midis/format0 scn15_3_format0.mid
102.12.31 11:48 B D:\privat\web\public\midis\format0\scn15_4_format0.mid --> piano-midi.de /public/midis/format0 scn15_4_format0.mid
102.12.31 11:48 B D:\privat\web\public\midis\format0\scn15_5_format0.mid --> piano-midi.de /public/midis/format0 scn15_5_format0.mid
102.12.31 11:48 B D:\privat\web\public\midis\format0\scn15_6_format0.mid --> piano-midi.de /public/midis/format0 scn15_6_format0.mid
102.12.31 11:48 B D:\privat\web\public\midis\format0\scn15_7_format0.mid --> piano-midi.de /public/midis/format0 scn15_7_format0.mid
102.12.31 11:48 B D:\privat\web\public\midis\format0\scn15_8_format0.mid --> piano-midi.de /public/midis/format0 scn15_8_format0.mid
102.12.31 11:48 B D:\privat\web\public\midis\format0\scn15_9_format0.mid --> piano-midi.de /public/midis/format0 scn15_9_format0.mid
102.12.31 11:48 B D:\privat\web\public\midis\format0\ty_april_format0.mid --> piano-midi.de /public/midis/format0 ty_april_format0.mid
102.12.31 11:48 B D:\privat\web\public\midis\format0\ty_august_format0.mid --> piano-midi.de /public/midis/format0 ty_august_format0.mid
102.12.31 11:48 B D:\privat\web\public\midis\format0\ty_dezember_format0.mid --> piano-midi.de /public/midis/format0 ty_dezember_format0.mid
102.12.31 11:48 B D:\privat\web\public\midis\format0\ty_februar_format0.mid --> piano-midi.de /public/midis/format0 ty_februar_format0.mid
102.12.31 11:48 B D:\privat\web\public\midis\format0\ty_januar_format0.mid --> piano-midi.de /public/midis/format0 ty_januar_format0.mid
102.12.31 11:48 B D:\privat\web\public\midis\format0\ty_juli_format0.mid --> piano-midi.de /public/midis/format0 ty_juli_format0.mid
102.12.31 11:48 B D:\privat\web\public\midis\format0\ty_juni_format0.mid --> piano-midi.de /public/midis/format0 ty_juni_format0.mid
102.12.31 11:48 B D:\privat\web\public\midis\format0\ty_maerz_format0.mid --> piano-midi.de /public/midis/format0 ty_maerz_format0.mid
102.12.31 11:48 B D:\privat\web\public\midis\format0\ty_mai_format0.mid --> piano-midi.de /public/midis/format0 ty_mai_format0.mid
102.12.31 11:48 B D:\privat\web\public\midis\format0\ty_november_format0.mid --> piano-midi.de /public/midis/format0 ty_november_format0.mid
102.12.31 11:48 B D:\privat\web\public\midis\format0\ty_oktober_format0.mid --> piano-midi.de /public/midis/format0 ty_oktober_format0.mid
102.12.31 11:48 B D:\privat\web\public\midis\format0\ty_september_format0.mid --> piano-midi.de /public/midis/format0 ty_september_format0.mid
102.12.31 11:48 B D:\privat\web\public\midis\format0\voeglein_format0.mid --> piano-midi.de /public/midis/format0 voeglein_format0.mid
102.12.31 11:48 B D:\privat\web\public\midis\format0\waechter_format0.mid --> piano-midi.de /public/midis/format0 waechter_format0.mid
102.12.31 11:48 B D:\privat\web\public\midis\format0\wedding_format0.mid --> piano-midi.de /public/midis/format0 wedding_format0.mid
102.12.31 11:48 B D:\privat\web\public\midis\format0\zwerge_format0.mid --> piano-midi.de /public/midis/format0 zwerge_format0.mid
102.12.31 11:59 B D:\privat\web\public\midis\format0\WS_FTP.LOG --> piano-midi.de /public/midis/format0 WS_FTP.LOG
103.02.01 09:23 B D:\privat\web\public\midis\format0\chpn_op25_e2_format0.mid --> piano-midi.de /public/midis/format0 chpn_op25_e2_format0.mid
103.02.01 09:23 B D:\privat\web\public\midis\format0\chpn_op25_e1_format0.mid --> piano-midi.de /public/midis/format0 chpn_op25_e1_format0.mid
103.03.01 09:36 B D:\privat\web\public\midis\format0\chpn_op25_e4_format0.mid --> piano-midi.de /public/midis/format0 chpn_op25_e4_format0.mid
103.03.01 09:36 B D:\privat\web\public\midis\format0\chpn_op25_e3_format0.mid --> piano-midi.de /public/midis/format0 chpn_op25_e3_format0.mid
103.05.01 08:25 B D:\privat\web\public\midis\format0\chpn_op23_format0.mid --> piano-midi.de /public/midis/format0 chpn_op23_format0.mid
103.06.01 07:07 B D:\privat\web\public\midis\format0\chpn_op27_2_format0.mid --> piano-midi.de /public/midis/format0 chpn_op27_2_format0.mid
103.06.01 07:07 B D:\privat\web\public\midis\format0\chpn_op27_1_format0.mid --> piano-midi.de /public/midis/format0 chpn_op27_1_format0.mid
103.06.17 19:23 B D:\privat\web\public\midis\format0\chpn_op27_2_format0.mid --> piano-midi.de /public/midis/format0 chpn_op27_2_format0.mid
103.06.18 20:12 B D:\privat\web\public\midis\format0\chpn-p20_format0.mid --> piano-midi.de /public/midis/format0 chpn-p20_format0.mid
103.06.19 11:12 B D:\privat\web\public\midis\format0\chpn_op23_format0.mid --> piano-midi.de /public/midis/format0 chpn_op23_format0.mid
103.07.01 18:29 B D:\privat\web\public\midis\format0\chpn_op23_format0.mid --> piano-midi.de /public/midis/format0 chpn_op23_format0.mid
103.07.23 21:02 B D:\privat\web\public\midis\format0\chpn-p21_format0.mid --> piano-midi.de /public/midis/format0 chpn-p21_format0.mid
103.07.23 21:02 B D:\privat\web\public\midis\format0\chpn-p24_format0.mid --> piano-midi.de /public/midis/format0 chpn-p24_format0.mid
103.07.23 21:02 B D:\privat\web\public\midis\format0\chpn-p17_format0.mid --> piano-midi.de /public/midis/format0 chpn-p17_format0.mid
103.07.23 21:02 B D:\privat\web\public\midis\format0\chpn-p15_format0.mid --> piano-midi.de /public/midis/format0 chpn-p15_format0.mid
103.07.23 21:02 B D:\privat\web\public\midis\format0\chpn-p13_format0.mid --> piano-midi.de /public/midis/format0 chpn-p13_format0.mid
103.07.23 21:02 B D:\privat\web\public\midis\format0\chpn-p4_format0.mid --> piano-midi.de /public/midis/format0 chpn-p4_format0.mid
103.07.23 21:02 B D:\privat\web\public\midis\format0\chpn-p3_format0.mid --> piano-midi.de /public/midis/format0 chpn-p3_format0.mid
103.08.01 17:08 B D:\privat\web\public\midis\format0\chpn_op7_2_format0.mid --> piano-midi.de /public/midis/format0 chpn_op7_2_format0.mid
103.08.01 17:08 B D:\privat\web\public\midis\format0\chpn_op7_1_format0.mid --> piano-midi.de /public/midis/format0 chpn_op7_1_format0.mid
103.09.03 20:25 B D:\privat\web\public\midis\format0\chpn_op33_4_format0.mid --> piano-midi.de /public/midis/format0 chpn_op33_4_format0.mid
103.09.03 20:25 B D:\privat\web\public\midis\format0\chpn_op33_2_format0.mid --> piano-midi.de /public/midis/format0 chpn_op33_2_format0.mid
103.10.01 17:30 B D:\privat\web\public\midis\format0\chpn_op66_format0.mid --> piano-midi.de /public/midis/format0 chpn_op66_format0.mid
103.11.01 16:45 B D:\privat\web\public\midis\format0\waldstein_1_format0.mid --> piano-midi.de /public/midis/format0 waldstein_1_format0.mid
103.12.01 17:56 B D:\privat\web\public\midis\format0\waldstein_1_format0.mid --> piano-midi.de /public/midis/format0 waldstein_1_format0.mid
103.12.01 17:56 B D:\privat\web\public\midis\format0\waldstein_3_format0.mid --> piano-midi.de /public/midis/format0 waldstein_3_format0.mid
103.12.01 17:56 B D:\privat\web\public\midis\format0\waldstein_2_format0.mid --> piano-midi.de /public/midis/format0 waldstein_2_format0.mid
104.01.01 10:16 B D:\privat\web\public\midis\format0\pathetique_1_format0.mid --> piano-midi.de /public/midis/format0 pathetique_1_format0.mid
104.01.01 10:45 B D:\privat\web\public\midis\format0\pathetique_1_format0.mid --> piano-midi.de /public/midis/format0 pathetique_1_format0.mid
104.02.01 11:07 B D:\privat\web\public\midis\format0\pathetique_2_format0.mid --> piano-midi.de /public/midis/format0 pathetique_2_format0.mid
104.03.01 17:54 B D:\privat\web\public\midis\format0\pathetique_3_format0.mid --> piano-midi.de /public/midis/format0 pathetique_3_format0.mid
104.03.29 17:56 A D:\privat\web\public\midis\format0\.htaccess --> krueger-institute.de /Freigaben .htaccess
104.03.29 18:01 A D:\privat\web\public\midis\format0\htaccess_eberhard.txt --> krueger-institute.de /Freigaben htaccess_eberhard.txt
104.04.01 19:37 B D:\privat\web\public\midis\format0\mendel_op30_1_format0.mid --> 212.227.5.209 /public/midis/format0 mendel_op30_1_format0.mid
104.05.01 10:58 B D:\privat\web\public\midis\format0\mendel_op53_5_format0.mid --> 212.227.5.209 /public/midis/format0 mendel_op53_5_format0.mid
104.05.31 10:19 B D:\privat\web\public\midis\format0\mendel_op62_3_format0.mid --> 212.227.5.209 /public/midis/format0 mendel_op62_3_format0.mid
104.07.01 19:15 B D:\privat\web\public\midis\format0\mendel_op62_4_format0.mid --> 212.227.5.209 /public/midis/format0 mendel_op62_4_format0.mid
104.08.02 16:33 B D:\privat\web\public\midis\format0\mendel_op62_5_format0.mid --> 212.227.5.209 /public/midis/format0 mendel_op62_5_format0.mid
104.08.02 16:33 B D:\privat\web\public\midis\format0\burg_gewitter_format0.mid --> 212.227.5.209 /public/midis/format0 burg_gewitter_format0.mid
104.08.02 16:33 B D:\privat\web\public\midis\format0\burg_quelle_format0.mid --> 212.227.5.209 /public/midis/format0 burg_quelle_format0.mid
104.08.02 16:33 B D:\privat\web\public\midis\format0\burg_perlen_format0.mid --> 212.227.5.209 /public/midis/format0 burg_perlen_format0.mid
104.08.18 13:02 B D:\privat\web\public\midis\format0\ty_juni_format0.mid --> 212.227.5.209 /public/midis/format0 ty_juni_format0.mid
104.08.18 13:02 B D:\privat\web\public\midis\format0\ty_mai_format0.mid --> 212.227.5.209 /public/midis/format0 ty_mai_format0.mid
104.08.18 13:02 B D:\privat\web\public\midis\format0\ty_april_format0.mid --> 212.227.5.209 /public/midis/format0 ty_april_format0.mid
104.08.18 13:02 B D:\privat\web\public\midis\format0\ty_maerz_format0.mid --> 212.227.5.209 /public/midis/format0 ty_maerz_format0.mid
104.08.18 13:02 B D:\privat\web\public\midis\format0\ty_februar_format0.mid --> 212.227.5.209 /public/midis/format0 ty_februar_format0.mid
104.08.18 13:02 B D:\privat\web\public\midis\format0\ty_januar_format0.mid --> 212.227.5.209 /public/midis/format0 ty_januar_format0.mid
104.09.01 10:13 B D:\privat\web\public\midis\format0\ty_juli_format0.mid --> 212.227.5.209 /public/midis/format0 ty_juli_format0.mid
104.09.01 10:14 B D:\privat\web\public\midis\format0\schum_abegg_format0.mid --> 212.227.5.209 /public/midis/format0 schum_abegg_format0.mid
104.09.13 18:45 B D:\privat\web\public\midis\format0\ty_dezember_format0.mid --> 212.227.5.209 /public/midis/format0 ty_dezember_format0.mid
104.09.13 18:45 B D:\privat\web\public\midis\format0\ty_november_format0.mid --> 212.227.5.209 /public/midis/format0 ty_november_format0.mid
104.09.13 18:45 B D:\privat\web\public\midis\format0\ty_oktober_format0.mid --> 212.227.5.209 /public/midis/format0 ty_oktober_format0.mid
104.09.13 18:45 B D:\privat\web\public\midis\format0\ty_september_format0.mid --> 212.227.5.209 /public/midis/format0 ty_september_format0.mid
104.09.13 18:45 B D:\privat\web\public\midis\format0\ty_august_format0.mid --> 212.227.5.209 /public/midis/format0 ty_august_format0.mid
104.09.22 17:48 B D:\privat\web\public\midis\format0\schu_143_3_format0.mid --> 212.227.5.209 /public/midis/format0 schu_143_3_format0.mid
104.09.22 17:48 B D:\privat\web\public\midis\format0\schu_143_2_format0.mid --> 212.227.5.209 /public/midis/format0 schu_143_2_format0.mid
104.09.22 17:48 B D:\privat\web\public\midis\format0\schu_143_1_format0.mid --> 212.227.5.209 /public/midis/format0 schu_143_1_format0.mid
104.09.22 21:20 B D:\privat\web\public\midis\format0\schu_143_2_format0.mid --> 212.227.5.209 /public/midis/format0 schu_143_2_format0.mid
104.09.29 20:57 B D:\privat\web\public\midis\format0\bach_850_format0.mid --> 212.227.5.209 /public/midis/format0 bach_850_format0.mid
104.09.29 20:57 B D:\privat\web\public\midis\format0\bach_847_format0.mid --> 212.227.5.209 /public/midis/format0 bach_847_format0.mid
104.09.29 20:57 B D:\privat\web\public\midis\format0\bach_846_format0.mid --> 212.227.5.209 /public/midis/format0 bach_846_format0.mid
104.10.01 19:13 B D:\privat\web\public\midis\format0\schub_d760_1_format0.mid --> 212.227.5.209 /public/midis/format0 schub_d760_1_format0.mid
104.10.09 20:38 B D:\privat\web\public\midis\format0\elise_format0.mid --> 212.227.5.209 /public/midis/format0 elise_format0.mid
104.11.01 09:19 B D:\privat\web\public\midis\format0\schub_d760_2_format0.mid --> 212.227.5.209 /public/midis/format0 schub_d760_2_format0.mid
104.12.01 19:42 B D:\privat\web\public\midis\format0\schub_d760_3_format0.mid --> 212.227.5.209 /public/midis/format0 schub_d760_3_format0.mid
